<?xml version="1.0" encoding="UTF-8"?>
<!-- Generated by org.testng.reporters.JUnitReportReporter -->
<testsuite hostname="DESKTOP-76N9MSC" failures="0" tests="1" name="testNG_xml_use.Demo1" time="0.011" errors="0" timestamp="2024-10-03T15:51:54 IST" skipped="0">
  <testcase classname="testNG_xml_use.Demo1" name="z" time="0.011"/>
  <system-out>
    <![CDATA[Method z is running]]>
  </system-out>
</testsuite> <!-- testNG_xml_use.Demo1 -->
