<?xml version="1.0" encoding="UTF-8"?>
<!-- Generated by org.testng.reporters.JUnitReportReporter -->
<testsuite hostname="DESKTOP-76N9MSC" failures="0" tests="4" name="testNG_Keywords.EnabledKeyword" time="0.015" errors="0" timestamp="2024-10-03T09:00:03 IST" skipped="2">
  <testcase classname="testNG_Keywords.EnabledKeyword" name="d" time="0.001"/>
  <system-out>
    <![CDATA[method d is running]]>
  </system-out>
  <testcase classname="testNG_Keywords.EnabledKeyword" name="a" time="0.014"/>
  <system-out>
    <![CDATA[method a is running]]>
  </system-out>
  <testcase classname="testNG_Keywords.EnabledKeyword" name="c">
    <skipped/>
  </testcase> <!-- c -->
  <system-out/>
  <testcase classname="testNG_Keywords.EnabledKeyword" name="b">
    <skipped/>
  </testcase> <!-- b -->
  <system-out/>
</testsuite> <!-- testNG_Keywords.EnabledKeyword -->
