<?xml version="1.0" encoding="UTF-8"?>
<!-- Generated by org.testng.reporters.JUnitReportReporter -->
<testsuite hostname="DESKTOP-76N9MSC" failures="0" tests="3" name="testNG_Keywords.Enabled_use" time="0.014" errors="0" timestamp="2024-10-03T08:28:41 IST" skipped="1">
  <testcase classname="testNG_Keywords.Enabled_use" name="c" time="0.003"/>
  <system-out>
    <![CDATA[Method c is running]]>
  </system-out>
  <testcase classname="testNG_Keywords.Enabled_use" name="b" time="0.011"/>
  <system-out>
    <![CDATA[Method b is running]]>
  </system-out>
  <testcase classname="testNG_Keywords.Enabled_use" name="a">
    <skipped/>
  </testcase> <!-- a -->
  <system-out/>
</testsuite> <!-- testNG_Keywords.Enabled_use -->
