<?xml version="1.0" encoding="UTF-8"?>
<!-- Generated by org.testng.reporters.JUnitReportReporter -->
<testsuite hostname="DESKTOP-76N9MSC" failures="0" tests="2" name="testNG_Anotations.MyClass1" time="0.014" errors="0" timestamp="2024-09-21T19:09:39 IST" skipped="0">
  <testcase classname="testNG_Anotations.MyClass1" name="myTest1" time="0.010"/>
  <system-out>
    <![CDATA[Test method running]]>
  </system-out>
  <testcase classname="testNG_Anotations.MyClass1" name="myTest2" time="0.004"/>
  <system-out>
    <![CDATA[Test2 method running]]>
  </system-out>
</testsuite> <!-- testNG_Anotations.MyClass1 -->
