<?xml version="1.0" encoding="UTF-8"?>
<!-- Generated by org.testng.reporters.JUnitReportReporter -->
<testsuite hostname="DESKTOP-76N9MSC" failures="0" tests="3" name="testNG_xml_use.Demo2" time="0.007" errors="0" timestamp="2024-10-03T15:51:54 IST" skipped="0">
  <testcase classname="testNG_xml_use.Demo2" name="i" time="0.003"/>
  <system-out>
    <![CDATA[Method i is running]]>
  </system-out>
  <testcase classname="testNG_xml_use.Demo2" name="e" time="0.001"/>
  <system-out>
    <![CDATA[Method e is running]]>
  </system-out>
  <testcase classname="testNG_xml_use.Demo2" name="h" time="0.003"/>
  <system-out>
    <![CDATA[Method h is running]]>
  </system-out>
</testsuite> <!-- testNG_xml_use.Demo2 -->
