<?xml version="1.0" encoding="UTF-8"?>
<!-- Generated by org.testng.reporters.JUnitReportReporter -->
<testsuite hostname="DESKTOP-76N9MSC" failures="0" tests="2" name="crossBrowserTesting.demo" time="30.047" errors="0" timestamp="2024-10-04T09:11:45 IST" skipped="0">
  <testcase classname="crossBrowserTesting.demo" name="fbLogin" time="16.681"/>
  <system-out/>
  <testcase classname="crossBrowserTesting.demo" name="fbLogin" time="13.366"/>
  <system-out/>
</testsuite> <!-- crossBrowserTesting.demo -->
