<?xml version="1.0" encoding="UTF-8"?>
<!-- Generated by org.testng.reporters.JUnitReportReporter -->
<testsuite hostname="DESKTOP-76N9MSC" failures="0" tests="3" name="testNG_Keywords.DependsOnMethod_use" time="0.023" errors="0" timestamp="2024-10-03T15:32:47 IST" skipped="0">
  <testcase classname="testNG_Keywords.DependsOnMethod_use" name="a" time="0.005"/>
  <system-out>
    <![CDATA[Method a is running]]>
  </system-out>
  <testcase classname="testNG_Keywords.DependsOnMethod_use" name="b" time="0.016"/>
  <system-out>
    <![CDATA[Method b is running]]>
  </system-out>
  <testcase classname="testNG_Keywords.DependsOnMethod_use" name="c" time="0.002"/>
  <system-out>
    <![CDATA[Method c is running]]>
  </system-out>
</testsuite> <!-- testNG_Keywords.DependsOnMethod_use -->
