<?xml version="1.0" encoding="UTF-8"?>
<!-- Generated by org.testng.reporters.JUnitReportReporter -->
<testsuite hostname="DESKTOP-76N9MSC" failures="0" tests="3" name="DataProviderUse.FBLogin" time="42.419" errors="0" timestamp="2024-10-03T07:44:59 IST" skipped="0">
  <testcase classname="DataProviderUse.FBLogin" name="fb" time="13.163"/>
  <system-out/>
  <testcase classname="DataProviderUse.FBLogin" name="fb" time="11.601"/>
  <system-out/>
  <testcase classname="DataProviderUse.FBLogin" name="fb" time="17.655"/>
  <system-out/>
</testsuite> <!-- DataProviderUse.FBLogin -->
