<?xml version="1.0" encoding="UTF-8"?>
<!-- Generated by org.testng.reporters.JUnitReportReporter -->
<testsuite hostname="DESKTOP-76N9MSC" failures="0" tests="4" name="testNG_Keywords.PriorityKetword" time="0.020" errors="0" timestamp="2024-10-03T08:51:54 IST" skipped="0">
  <testcase classname="testNG_Keywords.PriorityKetword" name="c" time="0.013"/>
  <system-out>
    <![CDATA[method c is running]]>
  </system-out>
  <testcase classname="testNG_Keywords.PriorityKetword" name="d" time="0.004"/>
  <system-out>
    <![CDATA[method d is running]]>
  </system-out>
  <testcase classname="testNG_Keywords.PriorityKetword" name="a" time="0.002"/>
  <system-out>
    <![CDATA[method a is running]]>
  </system-out>
  <testcase classname="testNG_Keywords.PriorityKetword" name="b" time="0.001"/>
  <system-out>
    <![CDATA[method b is running]]>
  </system-out>
</testsuite> <!-- testNG_Keywords.PriorityKetword -->
