<?xml version="1.0" encoding="UTF-8"?>
<!-- Generated by org.testng.reporters.JUnitReportReporter -->
<testsuite hostname="DESKTOP-76N9MSC" failures="0" tests="2" name="testNG_Anotations.MyClass" time="0.015" errors="0" timestamp="2024-09-21T18:20:17 IST" skipped="0">
  <testcase classname="testNG_Anotations.MyClass" name="mytest1" time="0.002"/>
  <system-out>
    <![CDATA[Test method running]]>
  </system-out>
  <testcase classname="testNG_Anotations.MyClass" name="myTest2" time="0.013"/>
  <system-out>
    <![CDATA[Test2 method running]]>
  </system-out>
</testsuite> <!-- testNG_Anotations.MyClass -->
