<?xml version="1.0" encoding="UTF-8"?>
<!-- Generated by org.testng.reporters.JUnitReportReporter -->
<testsuite hostname="DESKTOP-76N9MSC" failures="0" tests="4" name="DataProviderUse.FB1login" time="53.157" errors="0" timestamp="2024-10-09T08:36:07 IST" skipped="0">
  <testcase classname="DataProviderUse.FB1login" name="f" time="14.937"/>
  <system-out>
    <![CDATA[SreenShot taken]]>
  </system-out>
  <testcase classname="DataProviderUse.FB1login" name="f" time="15.377"/>
  <system-out>
    <![CDATA[SreenShot taken]]>
  </system-out>
  <testcase classname="DataProviderUse.FB1login" name="f" time="11.023"/>
  <system-out>
    <![CDATA[SreenShot taken]]>
  </system-out>
  <testcase classname="DataProviderUse.FB1login" name="f" time="11.820"/>
  <system-out>
    <![CDATA[SreenShot taken]]>
  </system-out>
</testsuite> <!-- DataProviderUse.FB1login -->
