<?xml version="1.0" encoding="UTF-8"?>
<!-- Generated by org.testng.reporters.JUnitReportReporter -->
<testsuite hostname="DESKTOP-76N9MSC" failures="0" tests="2" name="testNG_xml_use.Sample2" time="0.008" errors="0" timestamp="2024-10-03T16:07:06 IST" skipped="0">
  <testcase classname="testNG_xml_use.Sample2" name="e" time="0.003"/>
  <system-out>
    <![CDATA[Method e is Running]]>
  </system-out>
  <testcase classname="testNG_xml_use.Sample2" name="g" time="0.005"/>
  <system-out>
    <![CDATA[Method g is Running]]>
  </system-out>
</testsuite> <!-- testNG_xml_use.Sample2 -->
