<?xml version="1.0" encoding="UTF-8"?>
<!-- Generated by org.testng.reporters.JUnitReportReporter -->
<testsuite hostname="DESKTOP-76N9MSC" failures="0" tests="4" name="testNG_Keywords.Priority_use" time="0.020" errors="0" timestamp="2024-10-03T08:27:01 IST" skipped="0">
  <testcase classname="testNG_Keywords.Priority_use" name="d" time="0.012"/>
  <system-out>
    <![CDATA[Method d is running]]>
  </system-out>
  <testcase classname="testNG_Keywords.Priority_use" name="a" time="0.003"/>
  <system-out>
    <![CDATA[Method a is running]]>
  </system-out>
  <testcase classname="testNG_Keywords.Priority_use" name="c" time="0.004"/>
  <system-out>
    <![CDATA[Method c is running]]>
  </system-out>
  <testcase classname="testNG_Keywords.Priority_use" name="b" time="0.001"/>
  <system-out>
    <![CDATA[Method b is running]]>
  </system-out>
</testsuite> <!-- testNG_Keywords.Priority_use -->
