<?xml version="1.0" encoding="UTF-8"?>
<!-- Generated by org.testng.reporters.JUnitReportReporter -->
<testsuite hostname="DESKTOP-76N9MSC" failures="0" tests="1" name="testNG_study.MyClass" time="0.018" errors="0" timestamp="2024-09-21T10:46:01 IST" skipped="0">
  <testcase classname="testNG_study.MyClass" name="demo" time="0.018"/>
  <system-out>
    <![CDATA[Hi this is reporter with single parameter
Hi this is reporter with two parametre]]>
  </system-out>
</testsuite> <!-- testNG_study.MyClass -->
