<?xml version="1.0" encoding="UTF-8"?>
<!-- Generated by org.testng.reporters.JUnitReportReporter -->
<testsuite hostname="DESKTOP-76N9MSC" failures="0" tests="3" name="testNG_study.Test1" time="43.051" errors="0" timestamp="2024-09-21T10:18:34 IST" skipped="0">
  <testcase classname="testNG_study.Test1" name="myTest1" time="10.395"/>
  <system-out/>
  <testcase classname="testNG_study.Test1" name="myTest3" time="19.234"/>
  <system-out/>
  <testcase classname="testNG_study.Test1" name="myTest" time="13.422"/>
  <system-out/>
</testsuite> <!-- testNG_study.Test1 -->
