<?xml version="1.0" encoding="UTF-8"?>
<!-- Generated by org.testng.reporters.JUnitReportReporter -->
<testsuite hostname="DESKTOP-76N9MSC" failures="0" tests="2" name="crossBrowserTesting.NewTest" time="28.010" errors="0" timestamp="2024-09-26T14:29:27 IST" skipped="0">
  <testcase classname="crossBrowserTesting.NewTest" name="f" time="14.386"/>
  <system-out/>
  <testcase classname="crossBrowserTesting.NewTest" name="f" time="13.624"/>
  <system-out/>
</testsuite> <!-- crossBrowserTesting.NewTest -->
