<?xml version="1.0" encoding="UTF-8"?>
<!-- Generated by org.testng.reporters.JUnitReportReporter -->
<testsuite hostname="DESKTOP-76N9MSC" failures="0" tests="1" name="CoverFoxTest.TC1234_CoverFox_ValidateBannerCount" time="14.712" errors="0" timestamp="2024-10-11T21:44:58 IST" skipped="0">
  <testcase classname="CoverFoxTest.TC1234_CoverFox_ValidateBannerCount" name="validateBannerCount" time="14.712"/>
  <system-out>
    <![CDATA[Getting count from text
Getting count from Banner
taking Screenshot listener
taking screenshot]]>
  </system-out>
</testsuite> <!-- CoverFoxTest.TC1234_CoverFox_ValidateBannerCount -->
