<?xml version="1.0" encoding="UTF-8"?>
<!-- Generated by org.testng.reporters.JUnitReportReporter -->
<testsuite hostname="DESKTOP-76N9MSC" failures="0" tests="2" name="testNG_Anotations.AnnotationStudy" time="0.019" errors="0" timestamp="2024-10-03T15:37:44 IST" skipped="0">
  <testcase classname="testNG_Anotations.AnnotationStudy" name="validatePin" time="0.012"/>
  <system-out>
    <![CDATA[Pin Validation done]]>
  </system-out>
  <testcase classname="testNG_Anotations.AnnotationStudy" name="validateUserID" time="0.007"/>
  <system-out>
    <![CDATA[UserId validation done]]>
  </system-out>
</testsuite> <!-- testNG_Anotations.AnnotationStudy -->
