<?xml version="1.0" encoding="UTF-8"?>
<!-- Generated by org.testng.reporters.JUnitReportReporter -->
<testsuite hostname="DESKTOP-76N9MSC" failures="0" tests="7" name="testNG_Keywords.InvocationCount_use" time="0.037" errors="0" timestamp="2024-09-26T15:45:47 IST" skipped="0">
  <testcase classname="testNG_Keywords.InvocationCount_use" name="a" time="0.003"/>
  <system-out>
    <![CDATA[Method a is running]]>
  </system-out>
  <testcase classname="testNG_Keywords.InvocationCount_use" name="a" time="0.003"/>
  <system-out>
    <![CDATA[Method a is running]]>
  </system-out>
  <testcase classname="testNG_Keywords.InvocationCount_use" name="d" time="0.002"/>
  <system-out>
    <![CDATA[Method d is running]]>
  </system-out>
  <testcase classname="testNG_Keywords.InvocationCount_use" name="c" time="0.004"/>
  <system-out>
    <![CDATA[Method c is running]]>
  </system-out>
  <testcase classname="testNG_Keywords.InvocationCount_use" name="a" time="0.020"/>
  <system-out>
    <![CDATA[Method a is running]]>
  </system-out>
  <testcase classname="testNG_Keywords.InvocationCount_use" name="b" time="0.002"/>
  <system-out>
    <![CDATA[Method b is running]]>
  </system-out>
  <testcase classname="testNG_Keywords.InvocationCount_use" name="b" time="0.003"/>
  <system-out>
    <![CDATA[Method b is running]]>
  </system-out>
</testsuite> <!-- testNG_Keywords.InvocationCount_use -->
