<?xml version="1.0" encoding="UTF-8"?>
<!-- Generated by org.testng.reporters.JUnitReportReporter -->
<testsuite hostname="DESKTOP-76N9MSC" failures="0" tests="1" name="serialParralelExeccution.Ajio" time="24.863" errors="0" timestamp="2024-10-04T07:57:27 IST" skipped="0">
  <testcase classname="serialParralelExeccution.Ajio" name="ajio" time="24.863"/>
  <system-out/>
</testsuite> <!-- serialParralelExeccution.Ajio -->
