<?xml version="1.0" encoding="UTF-8"?>
<!-- Generated by org.testng.reporters.JUnitReportReporter -->
<testsuite hostname="DESKTOP-76N9MSC" failures="0" tests="1" name="testNG_Assertion.AssertTrueFalse" time="0.015" errors="0" timestamp="2024-10-07T12:31:27 IST" skipped="0">
  <testcase classname="testNG_Assertion.AssertTrueFalse" name="f" time="0.015"/>
  <system-out/>
</testsuite> <!-- testNG_Assertion.AssertTrueFalse -->
