<?xml version="1.0" encoding="UTF-8"?>
<!-- Generated by org.testng.reporters.JUnitReportReporter -->
<testsuite hostname="DESKTOP-76N9MSC" failures="0" tests="1" name="testNG_xml_use.Sample1" time="0.028" errors="0" timestamp="2024-09-24T11:15:03 IST" skipped="0">
  <testcase classname="testNG_xml_use.Sample1" name="d" time="0.028"/>
  <system-out>
    <![CDATA[Method d is Running]]>
  </system-out>
</testsuite> <!-- testNG_xml_use.Sample1 -->
