<?xml version="1.0" encoding="UTF-8"?>
<!-- Generated by org.testng.reporters.JUnitReportReporter -->
<testsuite hostname="DESKTOP-76N9MSC" failures="0" tests="1" name="propertyFileStudy.NewTest" time="32.424" errors="0" timestamp="2024-10-07T16:38:31 IST" skipped="0">
  <testcase classname="propertyFileStudy.NewTest" name="f" time="32.424"/>
  <system-out/>
</testsuite> <!-- propertyFileStudy.NewTest -->
