<?xml version="1.0" encoding="UTF-8"?>
<!-- Generated by org.testng.reporters.JUnitReportReporter -->
<testsuite hostname="DESKTOP-76N9MSC" failures="0" tests="1" name="serialParralelExeccution.Amazon" time="24.644" errors="0" timestamp="2024-10-04T07:57:27 IST" skipped="0">
  <testcase classname="serialParralelExeccution.Amazon" name="amazon" time="24.644"/>
  <system-out/>
</testsuite> <!-- serialParralelExeccution.Amazon -->
