<?xml version="1.0" encoding="UTF-8"?>
<!-- Generated by org.testng.reporters.JUnitReportReporter -->
<testsuite hostname="DESKTOP-76N9MSC" failures="0" tests="3" name="crossBrowserTesting.FBLogin" time="79.735" errors="0" timestamp="2024-09-26T16:48:47 IST" skipped="0">
  <testcase classname="crossBrowserTesting.FBLogin" name="fbtest" time="28.678"/>
  <system-out/>
  <testcase classname="crossBrowserTesting.FBLogin" name="fbtest" time="25.277"/>
  <system-out/>
  <testcase classname="crossBrowserTesting.FBLogin" name="fbtest" time="25.780"/>
  <system-out/>
</testsuite> <!-- crossBrowserTesting.FBLogin -->
