<?xml version="1.0" encoding="UTF-8"?>
<!-- Generated by org.testng.reporters.JUnitReportReporter -->
<testsuite hostname="DESKTOP-76N9MSC" failures="0" tests="1" name="propertyFileStudy.MyTest" time="6.926" errors="0" timestamp="2024-10-01T07:54:10 IST" skipped="0">
  <testcase classname="propertyFileStudy.MyTest" name="demo" time="6.926"/>
  <system-out/>
</testsuite> <!-- propertyFileStudy.MyTest -->
