<?xml version="1.0" encoding="UTF-8"?>
<!-- Generated by org.testng.reporters.JUnitReportReporter -->
<testsuite hostname="DESKTOP-76N9MSC" failures="0" tests="3" name="DataProviderUse.FacebookLogin" time="55.382" errors="0" timestamp="2024-10-10T15:28:48 IST" skipped="0">
  <testcase classname="DataProviderUse.FacebookLogin" name="f" time="13.793"/>
  <system-out/>
  <testcase classname="DataProviderUse.FacebookLogin" name="f" time="13.827"/>
  <system-out/>
  <testcase classname="DataProviderUse.FacebookLogin" name="f" time="27.762"/>
  <system-out/>
</testsuite> <!-- DataProviderUse.FacebookLogin -->
